2026-01-14T16:52:33.181-05:00  INFO 12808 --- [restartedMain] com.minimarket.MinimarketApplication     : Starting MinimarketApplication using Java 17.0.17 with PID 12808 (C:\Users\Nvidia\Desktop\minimarket_backend\target\classes started by Nvidia in C:\Users\Nvidia\Desktop\minimarket_backend)
2026-01-14T16:52:33.184-05:00 DEBUG 12808 --- [restartedMain] com.minimarket.MinimarketApplication     : Running with Spring Boot v3.1.5, Spring v6.0.13
2026-01-14T16:52:33.184-05:00  INFO 12808 --- [restartedMain] com.minimarket.MinimarketApplication     : No active profile set, falling back to 1 default profile: "default"
2026-01-14T16:52:33.218-05:00  INFO 12808 --- [restartedMain] .e.DevToolsPropertyDefaultsPostProcessor : Devtools property defaults active! Set 'spring.devtools.add-properties' to 'false' to disable
2026-01-14T16:52:33.219-05:00  INFO 12808 --- [restartedMain] .e.DevToolsPropertyDefaultsPostProcessor : For additional web related logging consider setting the 'logging.level.web' property to 'DEBUG'
2026-01-14T16:52:33.597-05:00  INFO 12808 --- [restartedMain] .s.d.r.c.RepositoryConfigurationDelegate : Bootstrapping Spring Data JPA repositories in DEFAULT mode.
2026-01-14T16:52:33.644-05:00  INFO 12808 --- [restartedMain] .s.d.r.c.RepositoryConfigurationDelegate : Finished Spring Data repository scanning in 44 ms. Found 2 JPA repository interfaces.
2026-01-14T16:52:34.075-05:00  INFO 12808 --- [restartedMain] o.s.b.w.embedded.tomcat.TomcatWebServer  : Tomcat initialized with port(s): 8080 (http)
2026-01-14T16:52:34.086-05:00  INFO 12808 --- [restartedMain] o.apache.catalina.core.StandardService   : Starting service [Tomcat]
2026-01-14T16:52:34.086-05:00  INFO 12808 --- [restartedMain] o.apache.catalina.core.StandardEngine    : Starting Servlet engine: [Apache Tomcat/10.1.15]
2026-01-14T16:52:34.130-05:00  INFO 12808 --- [restartedMain] o.a.c.c.C.[Tomcat].[localhost].[/api]    : Initializing Spring embedded WebApplicationContext
2026-01-14T16:52:34.130-05:00  INFO 12808 --- [restartedMain] w.s.c.ServletWebServerApplicationContext : Root WebApplicationContext: initialization completed in 911 ms
2026-01-14T16:52:34.206-05:00  INFO 12808 --- [restartedMain] o.hibernate.jpa.internal.util.LogHelper  : HHH000204: Processing PersistenceUnitInfo [name: default]
2026-01-14T16:52:34.241-05:00  INFO 12808 --- [restartedMain] org.hibernate.Version                    : HHH000412: Hibernate ORM core version 6.2.13.Final
2026-01-14T16:52:34.241-05:00  INFO 12808 --- [restartedMain] org.hibernate.cfg.Environment            : HHH000406: Using bytecode reflection optimizer
2026-01-14T16:52:34.396-05:00  INFO 12808 --- [restartedMain] o.s.o.j.p.SpringPersistenceUnitInfo      : No LoadTimeWeaver setup: ignoring JPA class transformer
2026-01-14T16:52:34.410-05:00  INFO 12808 --- [restartedMain] com.zaxxer.hikari.HikariDataSource       : HikariPool-1 - Starting...
2026-01-14T16:52:34.548-05:00  INFO 12808 --- [restartedMain] com.zaxxer.hikari.pool.HikariPool        : HikariPool-1 - Added connection org.postgresql.jdbc.PgConnection@2818c46e
2026-01-14T16:52:34.548-05:00  INFO 12808 --- [restartedMain] com.zaxxer.hikari.HikariDataSource       : HikariPool-1 - Start completed.
2026-01-14T16:52:34.571-05:00  WARN 12808 --- [restartedMain] org.hibernate.orm.deprecation            : HHH90000025: PostgreSQLDialect does not need to be specified explicitly using 'hibernate.dialect' (remove the property setting and it will be selected by default)
2026-01-14T16:52:35.106-05:00  INFO 12808 --- [restartedMain] o.h.e.t.j.p.i.JtaPlatformInitiator       : HHH000489: No JTA platform available (set 'hibernate.transaction.jta.platform' to enable JTA platform integration)
2026-01-14T16:52:35.136-05:00 DEBUG 12808 --- [restartedMain] org.hibernate.SQL                        : 
    create table roles (
        id bigserial not null,
        nombre varchar(20) not null check (nombre in ('ADMIN','VENDEDOR','ALMACENERO')),
        primary key (id)
    )
2026-01-14T16:52:35.141-05:00 DEBUG 12808 --- [restartedMain] org.hibernate.SQL                        : 
    create table usuario_roles (
        usuario_id bigint not null,
        rol_id bigint not null,
        primary key (usuario_id, rol_id)
    )
2026-01-14T16:52:35.148-05:00 DEBUG 12808 --- [restartedMain] org.hibernate.SQL                        : 
    create table usuarios (
        id bigserial not null,
        activo boolean not null,
        password varchar(255) not null,
        username varchar(255) not null,
        primary key (id)
    )
2026-01-14T16:52:35.148-05:00 DEBUG 12808 --- [restartedMain] org.hibernate.SQL                        : 
    alter table if exists roles 
       drop constraint if exists UK_ldv0v52e0udsh2h1rs0r0gw1n
2026-01-14T16:52:35.155-05:00  WARN 12808 --- [restartedMain] o.h.engine.jdbc.spi.SqlExceptionHelper   : SQL Warning Code: 0, SQLState: 00000
2026-01-14T16:52:35.156-05:00  WARN 12808 --- [restartedMain] o.h.engine.jdbc.spi.SqlExceptionHelper   : no existe la restricción «uk_ldv0v52e0udsh2h1rs0r0gw1n» en la relación «roles», omitiendo
2026-01-14T16:52:35.156-05:00 DEBUG 12808 --- [restartedMain] org.hibernate.SQL                        : 
    alter table if exists roles 
       add constraint UK_ldv0v52e0udsh2h1rs0r0gw1n unique (nombre)
2026-01-14T16:52:35.158-05:00 DEBUG 12808 --- [restartedMain] org.hibernate.SQL                        : 
    alter table if exists usuarios 
       drop constraint if exists UK_m2dvbwfge291euvmk6vkkocao
2026-01-14T16:52:35.159-05:00  WARN 12808 --- [restartedMain] o.h.engine.jdbc.spi.SqlExceptionHelper   : SQL Warning Code: 0, SQLState: 00000
2026-01-14T16:52:35.159-05:00  WARN 12808 --- [restartedMain] o.h.engine.jdbc.spi.SqlExceptionHelper   : no existe la restricción «uk_m2dvbwfge291euvmk6vkkocao» en la relación «usuarios», omitiendo
2026-01-14T16:52:35.159-05:00 DEBUG 12808 --- [restartedMain] org.hibernate.SQL                        : 
    alter table if exists usuarios 
       add constraint UK_m2dvbwfge291euvmk6vkkocao unique (username)
2026-01-14T16:52:35.162-05:00 DEBUG 12808 --- [restartedMain] org.hibernate.SQL                        : 
    alter table if exists usuario_roles 
       add constraint FKbt9i9yrb9ug88xnh82n9m60pr 
       foreign key (rol_id) 
       references roles
2026-01-14T16:52:35.164-05:00 DEBUG 12808 --- [restartedMain] org.hibernate.SQL                        : 
    alter table if exists usuario_roles 
       add constraint FKuu9tea04xb29m2km5lwe46ua 
       foreign key (usuario_id) 
       references usuarios
2026-01-14T16:52:35.167-05:00  INFO 12808 --- [restartedMain] j.LocalContainerEntityManagerFactoryBean : Initialized JPA EntityManagerFactory for persistence unit 'default'
2026-01-14T16:52:35.382-05:00 DEBUG 12808 --- [restartedMain] c.m.security.jwt.AuthTokenFilter         : Filter 'authenticationJwtTokenFilter' configured for use
2026-01-14T16:52:35.535-05:00 DEBUG 12808 --- [restartedMain] s.w.s.m.m.a.RequestMappingHandlerMapping : 12 mappings in 'requestMappingHandlerMapping'
2026-01-14T16:52:35.625-05:00 DEBUG 12808 --- [restartedMain] o.s.w.s.handler.SimpleUrlHandlerMapping  : Patterns [/webjars/**, /**] in 'resourceHandlerMapping'
2026-01-14T16:52:35.650-05:00  INFO 12808 --- [restartedMain] o.s.s.web.DefaultSecurityFilterChain     : Will secure any request with [org.springframework.security.web.session.DisableEncodeUrlFilter@7086eca0, org.springframework.security.web.context.request.async.WebAsyncManagerIntegrationFilter@5f04ab5b, org.springframework.security.web.context.SecurityContextHolderFilter@1ee0567, org.springframework.security.web.header.HeaderWriterFilter@3267c770, org.springframework.web.filter.CorsFilter@1f49e8ca, org.springframework.security.web.authentication.logout.LogoutFilter@7f74bae8, com.minimarket.security.jwt.AuthTokenFilter@e6200e, org.springframework.security.web.savedrequest.RequestCacheAwareFilter@9fb7278, org.springframework.security.web.servletapi.SecurityContextHolderAwareRequestFilter@7cad73c1, org.springframework.security.web.authentication.AnonymousAuthenticationFilter@4e8947b5, org.springframework.security.web.session.SessionManagementFilter@511b0931, org.springframework.security.web.access.ExceptionTranslationFilter@1439ec7e, org.springframework.security.web.access.intercept.AuthorizationFilter@47cd0c1f]
2026-01-14T16:52:35.689-05:00 DEBUG 12808 --- [restartedMain] s.w.s.m.m.a.RequestMappingHandlerAdapter : ControllerAdvice beans: 0 @ModelAttribute, 0 @InitBinder, 1 RequestBodyAdvice, 1 ResponseBodyAdvice
2026-01-14T16:52:35.716-05:00 DEBUG 12808 --- [restartedMain] .m.m.a.ExceptionHandlerExceptionResolver : ControllerAdvice beans: 0 @ExceptionHandler, 1 ResponseBodyAdvice
2026-01-14T16:52:35.771-05:00  INFO 12808 --- [restartedMain] o.s.b.d.a.OptionalLiveReloadServer       : LiveReload server is running on port 35729
2026-01-14T16:52:35.797-05:00  INFO 12808 --- [restartedMain] o.s.b.w.embedded.tomcat.TomcatWebServer  : Tomcat started on port(s): 8080 (http) with context path '/api'
2026-01-14T16:52:35.803-05:00  INFO 12808 --- [restartedMain] com.minimarket.MinimarketApplication     : Started MinimarketApplication in 2.904 seconds (process running for 3.16)
2026-01-14T16:52:35.805-05:00  INFO 12808 --- [restartedMain] com.minimarket.config.DataLoader         : === INICIANDO CARGA DE DATOS ===
2026-01-14T16:52:35.951-05:00 DEBUG 12808 --- [restartedMain] org.hibernate.SQL                        : 
    select
        count(*) 
    from
        roles r1_0
2026-01-14T16:52:35.961-05:00  INFO 12808 --- [restartedMain] com.minimarket.config.DataLoader         : Creando roles iniciales...
2026-01-14T16:52:35.973-05:00 DEBUG 12808 --- [restartedMain] org.hibernate.SQL                        : 
    insert 
    into
        roles
        (nombre) 
    values
        (?)
2026-01-14T16:52:35.977-05:00 TRACE 12808 --- [restartedMain] org.hibernate.orm.jdbc.bind              : binding parameter [1] as [VARCHAR] - [ADMIN]
2026-01-14T16:52:35.988-05:00 DEBUG 12808 --- [restartedMain] org.hibernate.SQL                        : 
    insert 
    into
        roles
        (nombre) 
    values
        (?)
2026-01-14T16:52:35.988-05:00 TRACE 12808 --- [restartedMain] org.hibernate.orm.jdbc.bind              : binding parameter [1] as [VARCHAR] - [VENDEDOR]
2026-01-14T16:52:35.990-05:00 DEBUG 12808 --- [restartedMain] org.hibernate.SQL                        : 
    insert 
    into
        roles
        (nombre) 
    values
        (?)
2026-01-14T16:52:35.992-05:00 TRACE 12808 --- [restartedMain] org.hibernate.orm.jdbc.bind              : binding parameter [1] as [VARCHAR] - [ALMACENERO]
2026-01-14T16:52:35.993-05:00  INFO 12808 --- [restartedMain] com.minimarket.config.DataLoader         : ✓ Roles creados: ADMIN, VENDEDOR, ALMACENERO
2026-01-14T16:52:36.024-05:00 DEBUG 12808 --- [restartedMain] org.hibernate.SQL                        : 
    select
        u1_0.id,
        u1_0.activo,
        u1_0.password,
        u1_0.username 
    from
        usuarios u1_0 
    where
        u1_0.username=?
2026-01-14T16:52:36.025-05:00 TRACE 12808 --- [restartedMain] org.hibernate.orm.jdbc.bind              : binding parameter [1] as [VARCHAR] - [admin]
2026-01-14T16:52:36.025-05:00  INFO 12808 --- [restartedMain] com.minimarket.config.DataLoader         : Creando usuario administrador...
2026-01-14T16:52:36.086-05:00 DEBUG 12808 --- [restartedMain] com.minimarket.config.DataLoader         : Password original: admin123
2026-01-14T16:52:36.086-05:00 DEBUG 12808 --- [restartedMain] com.minimarket.config.DataLoader         : Password encriptado: $2a$10$LoZKDl/i5lu5VzkiC1.TxeGuykclFM.iTePSeA8AfYRpV0qwquBEq
2026-01-14T16:52:36.086-05:00 DEBUG 12808 --- [restartedMain] org.hibernate.SQL                        : 
    select
        r1_0.id,
        r1_0.nombre 
    from
        roles r1_0 
    where
        r1_0.nombre=?
2026-01-14T16:52:36.086-05:00 TRACE 12808 --- [restartedMain] org.hibernate.orm.jdbc.bind              : binding parameter [1] as [VARCHAR] - [ADMIN]
2026-01-14T16:52:36.101-05:00 DEBUG 12808 --- [restartedMain] org.hibernate.SQL                        : 
    insert 
    into
        usuarios
        (activo,password,username) 
    values
        (?,?,?)
2026-01-14T16:52:36.101-05:00 TRACE 12808 --- [restartedMain] org.hibernate.orm.jdbc.bind              : binding parameter [1] as [BOOLEAN] - [true]
2026-01-14T16:52:36.101-05:00 TRACE 12808 --- [restartedMain] org.hibernate.orm.jdbc.bind              : binding parameter [2] as [VARCHAR] - [$2a$10$LoZKDl/i5lu5VzkiC1.TxeGuykclFM.iTePSeA8AfYRpV0qwquBEq]
2026-01-14T16:52:36.101-05:00 TRACE 12808 --- [restartedMain] org.hibernate.orm.jdbc.bind              : binding parameter [3] as [VARCHAR] - [admin]
2026-01-14T16:52:36.113-05:00 DEBUG 12808 --- [restartedMain] org.hibernate.SQL                        : 
    insert 
    into
        usuario_roles
        (usuario_id,rol_id) 
    values
        (?,?)
2026-01-14T16:52:36.113-05:00 TRACE 12808 --- [restartedMain] org.hibernate.orm.jdbc.bind              : binding parameter [1] as [BIGINT] - [1]
2026-01-14T16:52:36.114-05:00 TRACE 12808 --- [restartedMain] org.hibernate.orm.jdbc.bind              : binding parameter [2] as [BIGINT] - [1]
2026-01-14T16:52:36.115-05:00  INFO 12808 --- [restartedMain] com.minimarket.config.DataLoader         : ✓ Usuario admin creado
2026-01-14T16:52:36.117-05:00  INFO 12808 --- [restartedMain] com.minimarket.config.DataLoader         :   Username: admin
2026-01-14T16:52:36.117-05:00  INFO 12808 --- [restartedMain] com.minimarket.config.DataLoader         :   Password: admin123
2026-01-14T16:52:36.117-05:00  INFO 12808 --- [restartedMain] com.minimarket.config.DataLoader         : === CARGA DE DATOS COMPLETADA ===
2026-01-14T16:53:45.236-05:00  INFO 12808 --- [http-nio-8080-exec-1] o.a.c.c.C.[Tomcat].[localhost].[/api]    : Initializing Spring DispatcherServlet 'dispatcherServlet'
2026-01-14T16:53:45.240-05:00  INFO 12808 --- [http-nio-8080-exec-1] o.s.web.servlet.DispatcherServlet        : Initializing Servlet 'dispatcherServlet'
2026-01-14T16:53:45.240-05:00 DEBUG 12808 --- [http-nio-8080-exec-1] o.s.web.servlet.DispatcherServlet        : Detected StandardServletMultipartResolver
2026-01-14T16:53:45.240-05:00 DEBUG 12808 --- [http-nio-8080-exec-1] o.s.web.servlet.DispatcherServlet        : Detected AcceptHeaderLocaleResolver
2026-01-14T16:53:45.240-05:00 DEBUG 12808 --- [http-nio-8080-exec-1] o.s.web.servlet.DispatcherServlet        : Detected FixedThemeResolver
2026-01-14T16:53:45.240-05:00 DEBUG 12808 --- [http-nio-8080-exec-1] o.s.web.servlet.DispatcherServlet        : Detected org.springframework.web.servlet.view.DefaultRequestToViewNameTranslator@4575cb6e
2026-01-14T16:53:45.240-05:00 DEBUG 12808 --- [http-nio-8080-exec-1] o.s.web.servlet.DispatcherServlet        : Detected org.springframework.web.servlet.support.SessionFlashMapManager@2c366ef2
2026-01-14T16:53:45.240-05:00 DEBUG 12808 --- [http-nio-8080-exec-1] o.s.web.servlet.DispatcherServlet        : enableLoggingRequestDetails='false': request parameters and headers will be masked to prevent unsafe logging of potentially sensitive data
2026-01-14T16:53:45.240-05:00  INFO 12808 --- [http-nio-8080-exec-1] o.s.web.servlet.DispatcherServlet        : Completed initialization in 0 ms
2026-01-14T16:53:45.244-05:00 DEBUG 12808 --- [http-nio-8080-exec-1] o.s.security.web.FilterChainProxy        : Securing GET /public/status
2026-01-14T16:53:45.253-05:00 DEBUG 12808 --- [http-nio-8080-exec-1] o.s.s.w.a.AnonymousAuthenticationFilter  : Set SecurityContextHolder to anonymous SecurityContext
2026-01-14T16:53:45.259-05:00 DEBUG 12808 --- [http-nio-8080-exec-1] o.s.w.s.handler.SimpleUrlHandlerMapping  : Mapped to ResourceHttpRequestHandler [classpath [META-INF/resources/], classpath [resources/], classpath [static/], classpath [public/], ServletContext [/]]
2026-01-14T16:53:45.260-05:00 DEBUG 12808 --- [http-nio-8080-exec-1] o.s.w.s.handler.SimpleUrlHandlerMapping  : Mapped to ResourceHttpRequestHandler [classpath [META-INF/resources/], classpath [resources/], classpath [static/], classpath [public/], ServletContext [/]]
2026-01-14T16:53:45.260-05:00 DEBUG 12808 --- [http-nio-8080-exec-1] o.s.w.s.handler.SimpleUrlHandlerMapping  : Mapped to ResourceHttpRequestHandler [classpath [META-INF/resources/], classpath [resources/], classpath [static/], classpath [public/], ServletContext [/]]
2026-01-14T16:53:45.263-05:00 DEBUG 12808 --- [http-nio-8080-exec-1] o.s.security.web.FilterChainProxy        : Secured GET /public/status
2026-01-14T16:53:45.263-05:00 DEBUG 12808 --- [http-nio-8080-exec-1] com.minimarket.config.DebugFilter        : 🔍 Request: GET /api/public/status from 0:0:0:0:0:0:0:1
2026-01-14T16:53:45.265-05:00 DEBUG 12808 --- [http-nio-8080-exec-1] o.s.web.servlet.DispatcherServlet        : GET "/api/public/status", parameters={}
2026-01-14T16:53:45.266-05:00 DEBUG 12808 --- [http-nio-8080-exec-1] o.s.w.s.handler.SimpleUrlHandlerMapping  : Mapped to ResourceHttpRequestHandler [classpath [META-INF/resources/], classpath [resources/], classpath [static/], classpath [public/], ServletContext [/]]
2026-01-14T16:53:45.271-05:00 DEBUG 12808 --- [http-nio-8080-exec-1] o.s.w.s.r.ResourceHttpRequestHandler     : Resource not found
2026-01-14T16:53:45.271-05:00 DEBUG 12808 --- [http-nio-8080-exec-1] o.s.web.servlet.DispatcherServlet        : Completed 404 NOT_FOUND
2026-01-14T16:53:45.277-05:00 DEBUG 12808 --- [http-nio-8080-exec-1] o.s.security.web.FilterChainProxy        : Securing GET /error
2026-01-14T16:53:45.279-05:00 DEBUG 12808 --- [http-nio-8080-exec-1] s.w.s.m.m.a.RequestMappingHandlerMapping : Mapped to org.springframework.boot.autoconfigure.web.servlet.error.BasicErrorController#errorHtml(HttpServletRequest, HttpServletResponse)
2026-01-14T16:53:45.279-05:00 DEBUG 12808 --- [http-nio-8080-exec-1] s.w.s.m.m.a.RequestMappingHandlerMapping : Mapped to org.springframework.boot.autoconfigure.web.servlet.error.BasicErrorController#errorHtml(HttpServletRequest, HttpServletResponse)
2026-01-14T16:53:45.282-05:00 DEBUG 12808 --- [http-nio-8080-exec-1] s.w.s.m.m.a.RequestMappingHandlerMapping : Mapped to org.springframework.boot.autoconfigure.web.servlet.error.BasicErrorController#errorHtml(HttpServletRequest, HttpServletResponse)
2026-01-14T16:53:45.282-05:00 DEBUG 12808 --- [http-nio-8080-exec-1] s.w.s.m.m.a.RequestMappingHandlerMapping : Mapped to org.springframework.boot.autoconfigure.web.servlet.error.BasicErrorController#errorHtml(HttpServletRequest, HttpServletResponse)
2026-01-14T16:53:45.282-05:00 DEBUG 12808 --- [http-nio-8080-exec-1] s.w.s.m.m.a.RequestMappingHandlerMapping : Mapped to org.springframework.boot.autoconfigure.web.servlet.error.BasicErrorController#errorHtml(HttpServletRequest, HttpServletResponse)
2026-01-14T16:53:45.282-05:00 DEBUG 12808 --- [http-nio-8080-exec-1] s.w.s.m.m.a.RequestMappingHandlerMapping : Mapped to org.springframework.boot.autoconfigure.web.servlet.error.BasicErrorController#errorHtml(HttpServletRequest, HttpServletResponse)
2026-01-14T16:53:45.283-05:00 DEBUG 12808 --- [http-nio-8080-exec-1] s.w.s.m.m.a.RequestMappingHandlerMapping : Mapped to org.springframework.boot.autoconfigure.web.servlet.error.BasicErrorController#errorHtml(HttpServletRequest, HttpServletResponse)
2026-01-14T16:53:45.283-05:00 DEBUG 12808 --- [http-nio-8080-exec-1] o.s.s.w.a.AnonymousAuthenticationFilter  : Set SecurityContextHolder to anonymous SecurityContext
2026-01-14T16:53:45.284-05:00 ERROR 12808 --- [http-nio-8080-exec-1] c.m.security.jwt.AuthEntryPointJwt       : Unauthorized error: Full authentication is required to access this resource
2026-01-14T16:53:47.499-05:00 DEBUG 12808 --- [http-nio-8080-exec-2] o.s.security.web.FilterChainProxy        : Securing GET /public/status
2026-01-14T16:53:47.499-05:00 DEBUG 12808 --- [http-nio-8080-exec-2] o.s.s.w.a.AnonymousAuthenticationFilter  : Set SecurityContextHolder to anonymous SecurityContext
2026-01-14T16:53:47.499-05:00 DEBUG 12808 --- [http-nio-8080-exec-2] o.s.w.s.handler.SimpleUrlHandlerMapping  : Mapped to ResourceHttpRequestHandler [classpath [META-INF/resources/], classpath [resources/], classpath [static/], classpath [public/], ServletContext [/]]
2026-01-14T16:53:47.506-05:00 DEBUG 12808 --- [http-nio-8080-exec-2] o.s.w.s.handler.SimpleUrlHandlerMapping  : Mapped to ResourceHttpRequestHandler [classpath [META-INF/resources/], classpath [resources/], classpath [static/], classpath [public/], ServletContext [/]]
2026-01-14T16:53:47.506-05:00 DEBUG 12808 --- [http-nio-8080-exec-2] o.s.w.s.handler.SimpleUrlHandlerMapping  : Mapped to ResourceHttpRequestHandler [classpath [META-INF/resources/], classpath [resources/], classpath [static/], classpath [public/], ServletContext [/]]
2026-01-14T16:53:47.506-05:00 DEBUG 12808 --- [http-nio-8080-exec-2] o.s.security.web.FilterChainProxy        : Secured GET /public/status
2026-01-14T16:53:47.506-05:00 DEBUG 12808 --- [http-nio-8080-exec-2] com.minimarket.config.DebugFilter        : 🔍 Request: GET /api/public/status from 0:0:0:0:0:0:0:1
2026-01-14T16:53:47.506-05:00 DEBUG 12808 --- [http-nio-8080-exec-2] o.s.web.servlet.DispatcherServlet        : GET "/api/public/status", parameters={}
2026-01-14T16:53:47.508-05:00 DEBUG 12808 --- [http-nio-8080-exec-2] o.s.w.s.handler.SimpleUrlHandlerMapping  : Mapped to ResourceHttpRequestHandler [classpath [META-INF/resources/], classpath [resources/], classpath [static/], classpath [public/], ServletContext [/]]
2026-01-14T16:53:47.508-05:00 DEBUG 12808 --- [http-nio-8080-exec-2] o.s.w.s.r.ResourceHttpRequestHandler     : Resource not found
2026-01-14T16:53:47.509-05:00 DEBUG 12808 --- [http-nio-8080-exec-2] o.s.web.servlet.DispatcherServlet        : Completed 404 NOT_FOUND
2026-01-14T16:53:47.509-05:00 DEBUG 12808 --- [http-nio-8080-exec-2] o.s.security.web.FilterChainProxy        : Securing GET /error
2026-01-14T16:53:47.509-05:00 DEBUG 12808 --- [http-nio-8080-exec-2] s.w.s.m.m.a.RequestMappingHandlerMapping : Mapped to org.springframework.boot.autoconfigure.web.servlet.error.BasicErrorController#errorHtml(HttpServletRequest, HttpServletResponse)
2026-01-14T16:53:47.509-05:00 DEBUG 12808 --- [http-nio-8080-exec-2] s.w.s.m.m.a.RequestMappingHandlerMapping : Mapped to org.springframework.boot.autoconfigure.web.servlet.error.BasicErrorController#errorHtml(HttpServletRequest, HttpServletResponse)
2026-01-14T16:53:47.510-05:00 DEBUG 12808 --- [http-nio-8080-exec-2] s.w.s.m.m.a.RequestMappingHandlerMapping : Mapped to org.springframework.boot.autoconfigure.web.servlet.error.BasicErrorController#errorHtml(HttpServletRequest, HttpServletResponse)
2026-01-14T16:53:47.510-05:00 DEBUG 12808 --- [http-nio-8080-exec-2] s.w.s.m.m.a.RequestMappingHandlerMapping : Mapped to org.springframework.boot.autoconfigure.web.servlet.error.BasicErrorController#errorHtml(HttpServletRequest, HttpServletResponse)
2026-01-14T16:53:47.510-05:00 DEBUG 12808 --- [http-nio-8080-exec-2] s.w.s.m.m.a.RequestMappingHandlerMapping : Mapped to org.springframework.boot.autoconfigure.web.servlet.error.BasicErrorController#errorHtml(HttpServletRequest, HttpServletResponse)
2026-01-14T16:53:47.512-05:00 DEBUG 12808 --- [http-nio-8080-exec-2] s.w.s.m.m.a.RequestMappingHandlerMapping : Mapped to org.springframework.boot.autoconfigure.web.servlet.error.BasicErrorController#errorHtml(HttpServletRequest, HttpServletResponse)
2026-01-14T16:53:47.512-05:00 DEBUG 12808 --- [http-nio-8080-exec-2] s.w.s.m.m.a.RequestMappingHandlerMapping : Mapped to org.springframework.boot.autoconfigure.web.servlet.error.BasicErrorController#errorHtml(HttpServletRequest, HttpServletResponse)
2026-01-14T16:53:47.512-05:00 DEBUG 12808 --- [http-nio-8080-exec-2] o.s.s.w.a.AnonymousAuthenticationFilter  : Set SecurityContextHolder to anonymous SecurityContext
2026-01-14T16:53:47.512-05:00 ERROR 12808 --- [http-nio-8080-exec-2] c.m.security.jwt.AuthEntryPointJwt       : Unauthorized error: Full authentication is required to access this resource
2026-01-14T16:55:18.119-05:00 DEBUG 12808 --- [http-nio-8080-exec-5] o.s.security.web.FilterChainProxy        : Securing GET /auth/signin
2026-01-14T16:55:18.119-05:00 DEBUG 12808 --- [http-nio-8080-exec-5] o.s.s.w.a.AnonymousAuthenticationFilter  : Set SecurityContextHolder to anonymous SecurityContext
2026-01-14T16:55:18.121-05:00 DEBUG 12808 --- [http-nio-8080-exec-5] o.s.w.s.handler.SimpleUrlHandlerMapping  : Mapped to ResourceHttpRequestHandler [classpath [META-INF/resources/], classpath [resources/], classpath [static/], classpath [public/], ServletContext [/]]
2026-01-14T16:55:18.122-05:00 DEBUG 12808 --- [http-nio-8080-exec-5] o.s.w.s.handler.SimpleUrlHandlerMapping  : Mapped to ResourceHttpRequestHandler [classpath [META-INF/resources/], classpath [resources/], classpath [static/], classpath [public/], ServletContext [/]]
2026-01-14T16:55:18.122-05:00 DEBUG 12808 --- [http-nio-8080-exec-5] o.s.security.web.FilterChainProxy        : Secured GET /auth/signin
2026-01-14T16:55:18.122-05:00 DEBUG 12808 --- [http-nio-8080-exec-5] com.minimarket.config.DebugFilter        : 🔍 Request: GET /api/auth/signin from 0:0:0:0:0:0:0:1
2026-01-14T16:55:18.122-05:00 DEBUG 12808 --- [http-nio-8080-exec-5] o.s.web.servlet.DispatcherServlet        : GET "/api/auth/signin", parameters={}
2026-01-14T16:55:18.123-05:00 DEBUG 12808 --- [http-nio-8080-exec-5] o.s.w.s.handler.SimpleUrlHandlerMapping  : Mapped to ResourceHttpRequestHandler [classpath [META-INF/resources/], classpath [resources/], classpath [static/], classpath [public/], ServletContext [/]]
2026-01-14T16:55:18.124-05:00 DEBUG 12808 --- [http-nio-8080-exec-5] o.s.w.s.r.ResourceHttpRequestHandler     : Resource not found
2026-01-14T16:55:18.124-05:00 DEBUG 12808 --- [http-nio-8080-exec-5] o.s.web.servlet.DispatcherServlet        : Completed 404 NOT_FOUND
2026-01-14T16:55:18.124-05:00 DEBUG 12808 --- [http-nio-8080-exec-5] o.s.security.web.FilterChainProxy        : Securing GET /error
2026-01-14T16:55:18.125-05:00 DEBUG 12808 --- [http-nio-8080-exec-5] s.w.s.m.m.a.RequestMappingHandlerMapping : Mapped to org.springframework.boot.autoconfigure.web.servlet.error.BasicErrorController#errorHtml(HttpServletRequest, HttpServletResponse)
2026-01-14T16:55:18.125-05:00 DEBUG 12808 --- [http-nio-8080-exec-5] s.w.s.m.m.a.RequestMappingHandlerMapping : Mapped to org.springframework.boot.autoconfigure.web.servlet.error.BasicErrorController#errorHtml(HttpServletRequest, HttpServletResponse)
2026-01-14T16:55:18.125-05:00 DEBUG 12808 --- [http-nio-8080-exec-5] s.w.s.m.m.a.RequestMappingHandlerMapping : Mapped to org.springframework.boot.autoconfigure.web.servlet.error.BasicErrorController#errorHtml(HttpServletRequest, HttpServletResponse)
2026-01-14T16:55:18.125-05:00 DEBUG 12808 --- [http-nio-8080-exec-5] s.w.s.m.m.a.RequestMappingHandlerMapping : Mapped to org.springframework.boot.autoconfigure.web.servlet.error.BasicErrorController#errorHtml(HttpServletRequest, HttpServletResponse)
2026-01-14T16:55:18.125-05:00 DEBUG 12808 --- [http-nio-8080-exec-5] s.w.s.m.m.a.RequestMappingHandlerMapping : Mapped to org.springframework.boot.autoconfigure.web.servlet.error.BasicErrorController#errorHtml(HttpServletRequest, HttpServletResponse)
2026-01-14T16:55:18.126-05:00 DEBUG 12808 --- [http-nio-8080-exec-5] s.w.s.m.m.a.RequestMappingHandlerMapping : Mapped to org.springframework.boot.autoconfigure.web.servlet.error.BasicErrorController#errorHtml(HttpServletRequest, HttpServletResponse)
2026-01-14T16:55:18.126-05:00 DEBUG 12808 --- [http-nio-8080-exec-5] s.w.s.m.m.a.RequestMappingHandlerMapping : Mapped to org.springframework.boot.autoconfigure.web.servlet.error.BasicErrorController#errorHtml(HttpServletRequest, HttpServletResponse)
2026-01-14T16:55:18.126-05:00 DEBUG 12808 --- [http-nio-8080-exec-5] o.s.s.w.a.AnonymousAuthenticationFilter  : Set SecurityContextHolder to anonymous SecurityContext
2026-01-14T16:55:18.126-05:00 ERROR 12808 --- [http-nio-8080-exec-5] c.m.security.jwt.AuthEntryPointJwt       : Unauthorized error: Full authentication is required to access this resource
2026-01-14T16:55:19.916-05:00 DEBUG 12808 --- [http-nio-8080-exec-6] o.s.security.web.FilterChainProxy        : Securing GET /auth/signin
2026-01-14T16:55:19.916-05:00 DEBUG 12808 --- [http-nio-8080-exec-6] o.s.s.w.a.AnonymousAuthenticationFilter  : Set SecurityContextHolder to anonymous SecurityContext
2026-01-14T16:55:19.917-05:00 DEBUG 12808 --- [http-nio-8080-exec-6] o.s.w.s.handler.SimpleUrlHandlerMapping  : Mapped to ResourceHttpRequestHandler [classpath [META-INF/resources/], classpath [resources/], classpath [static/], classpath [public/], ServletContext [/]]
2026-01-14T16:55:19.917-05:00 DEBUG 12808 --- [http-nio-8080-exec-6] o.s.w.s.handler.SimpleUrlHandlerMapping  : Mapped to ResourceHttpRequestHandler [classpath [META-INF/resources/], classpath [resources/], classpath [static/], classpath [public/], ServletContext [/]]
2026-01-14T16:55:19.917-05:00 DEBUG 12808 --- [http-nio-8080-exec-6] o.s.security.web.FilterChainProxy        : Secured GET /auth/signin
2026-01-14T16:55:19.917-05:00 DEBUG 12808 --- [http-nio-8080-exec-6] com.minimarket.config.DebugFilter        : 🔍 Request: GET /api/auth/signin from 0:0:0:0:0:0:0:1
2026-01-14T16:55:19.917-05:00 DEBUG 12808 --- [http-nio-8080-exec-6] o.s.web.servlet.DispatcherServlet        : GET "/api/auth/signin", parameters={}
2026-01-14T16:55:19.919-05:00 DEBUG 12808 --- [http-nio-8080-exec-6] o.s.w.s.handler.SimpleUrlHandlerMapping  : Mapped to ResourceHttpRequestHandler [classpath [META-INF/resources/], classpath [resources/], classpath [static/], classpath [public/], ServletContext [/]]
2026-01-14T16:55:19.919-05:00 DEBUG 12808 --- [http-nio-8080-exec-6] o.s.w.s.r.ResourceHttpRequestHandler     : Resource not found
2026-01-14T16:55:19.920-05:00 DEBUG 12808 --- [http-nio-8080-exec-6] o.s.web.servlet.DispatcherServlet        : Completed 404 NOT_FOUND
2026-01-14T16:55:19.920-05:00 DEBUG 12808 --- [http-nio-8080-exec-6] o.s.security.web.FilterChainProxy        : Securing GET /error
2026-01-14T16:55:19.920-05:00 DEBUG 12808 --- [http-nio-8080-exec-6] s.w.s.m.m.a.RequestMappingHandlerMapping : Mapped to org.springframework.boot.autoconfigure.web.servlet.error.BasicErrorController#errorHtml(HttpServletRequest, HttpServletResponse)
2026-01-14T16:55:19.920-05:00 DEBUG 12808 --- [http-nio-8080-exec-6] s.w.s.m.m.a.RequestMappingHandlerMapping : Mapped to org.springframework.boot.autoconfigure.web.servlet.error.BasicErrorController#errorHtml(HttpServletRequest, HttpServletResponse)
2026-01-14T16:55:19.922-05:00 DEBUG 12808 --- [http-nio-8080-exec-6] s.w.s.m.m.a.RequestMappingHandlerMapping : Mapped to org.springframework.boot.autoconfigure.web.servlet.error.BasicErrorController#errorHtml(HttpServletRequest, HttpServletResponse)
2026-01-14T16:55:19.922-05:00 DEBUG 12808 --- [http-nio-8080-exec-6] s.w.s.m.m.a.RequestMappingHandlerMapping : Mapped to org.springframework.boot.autoconfigure.web.servlet.error.BasicErrorController#errorHtml(HttpServletRequest, HttpServletResponse)
2026-01-14T16:55:19.922-05:00 DEBUG 12808 --- [http-nio-8080-exec-6] s.w.s.m.m.a.RequestMappingHandlerMapping : Mapped to org.springframework.boot.autoconfigure.web.servlet.error.BasicErrorController#errorHtml(HttpServletRequest, HttpServletResponse)
2026-01-14T16:55:19.922-05:00 DEBUG 12808 --- [http-nio-8080-exec-6] s.w.s.m.m.a.RequestMappingHandlerMapping : Mapped to org.springframework.boot.autoconfigure.web.servlet.error.BasicErrorController#errorHtml(HttpServletRequest, HttpServletResponse)
2026-01-14T16:55:19.922-05:00 DEBUG 12808 --- [http-nio-8080-exec-6] s.w.s.m.m.a.RequestMappingHandlerMapping : Mapped to org.springframework.boot.autoconfigure.web.servlet.error.BasicErrorController#errorHtml(HttpServletRequest, HttpServletResponse)
2026-01-14T16:55:19.923-05:00 DEBUG 12808 --- [http-nio-8080-exec-6] o.s.s.w.a.AnonymousAuthenticationFilter  : Set SecurityContextHolder to anonymous SecurityContext
2026-01-14T16:55:19.923-05:00 ERROR 12808 --- [http-nio-8080-exec-6] c.m.security.jwt.AuthEntryPointJwt       : Unauthorized error: Full authentication is required to access this resource
2026-01-14T16:57:51.915-05:00 DEBUG 12808 --- [http-nio-8080-exec-9] o.s.security.web.FilterChainProxy        : Securing GET /public/status
2026-01-14T16:57:51.917-05:00 DEBUG 12808 --- [http-nio-8080-exec-9] o.s.s.w.a.AnonymousAuthenticationFilter  : Set SecurityContextHolder to anonymous SecurityContext
2026-01-14T16:57:51.917-05:00 DEBUG 12808 --- [http-nio-8080-exec-9] o.s.w.s.handler.SimpleUrlHandlerMapping  : Mapped to ResourceHttpRequestHandler [classpath [META-INF/resources/], classpath [resources/], classpath [static/], classpath [public/], ServletContext [/]]
2026-01-14T16:57:51.917-05:00 DEBUG 12808 --- [http-nio-8080-exec-9] o.s.w.s.handler.SimpleUrlHandlerMapping  : Mapped to ResourceHttpRequestHandler [classpath [META-INF/resources/], classpath [resources/], classpath [static/], classpath [public/], ServletContext [/]]
2026-01-14T16:57:51.917-05:00 DEBUG 12808 --- [http-nio-8080-exec-9] o.s.w.s.handler.SimpleUrlHandlerMapping  : Mapped to ResourceHttpRequestHandler [classpath [META-INF/resources/], classpath [resources/], classpath [static/], classpath [public/], ServletContext [/]]
2026-01-14T16:57:51.917-05:00 DEBUG 12808 --- [http-nio-8080-exec-9] o.s.security.web.FilterChainProxy        : Secured GET /public/status
2026-01-14T16:57:51.917-05:00 DEBUG 12808 --- [http-nio-8080-exec-9] com.minimarket.config.DebugFilter        : 🔍 Request: GET /api/public/status from 0:0:0:0:0:0:0:1
2026-01-14T16:57:51.919-05:00 DEBUG 12808 --- [http-nio-8080-exec-9] o.s.web.servlet.DispatcherServlet        : GET "/api/public/status", parameters={}
2026-01-14T16:57:51.919-05:00 DEBUG 12808 --- [http-nio-8080-exec-9] o.s.w.s.handler.SimpleUrlHandlerMapping  : Mapped to ResourceHttpRequestHandler [classpath [META-INF/resources/], classpath [resources/], classpath [static/], classpath [public/], ServletContext [/]]
2026-01-14T16:57:51.919-05:00 DEBUG 12808 --- [http-nio-8080-exec-9] o.s.w.s.r.ResourceHttpRequestHandler     : Resource not found
2026-01-14T16:57:51.919-05:00 DEBUG 12808 --- [http-nio-8080-exec-9] o.s.web.servlet.DispatcherServlet        : Completed 404 NOT_FOUND
2026-01-14T16:57:51.919-05:00 DEBUG 12808 --- [http-nio-8080-exec-9] o.s.security.web.FilterChainProxy        : Securing GET /error
2026-01-14T16:57:51.919-05:00 DEBUG 12808 --- [http-nio-8080-exec-9] s.w.s.m.m.a.RequestMappingHandlerMapping : Mapped to org.springframework.boot.autoconfigure.web.servlet.error.BasicErrorController#error(HttpServletRequest)
2026-01-14T16:57:51.923-05:00 DEBUG 12808 --- [http-nio-8080-exec-9] s.w.s.m.m.a.RequestMappingHandlerMapping : Mapped to org.springframework.boot.autoconfigure.web.servlet.error.BasicErrorController#error(HttpServletRequest)
2026-01-14T16:57:51.923-05:00 DEBUG 12808 --- [http-nio-8080-exec-9] s.w.s.m.m.a.RequestMappingHandlerMapping : Mapped to org.springframework.boot.autoconfigure.web.servlet.error.BasicErrorController#error(HttpServletRequest)
2026-01-14T16:57:51.923-05:00 DEBUG 12808 --- [http-nio-8080-exec-9] s.w.s.m.m.a.RequestMappingHandlerMapping : Mapped to org.springframework.boot.autoconfigure.web.servlet.error.BasicErrorController#error(HttpServletRequest)
2026-01-14T16:57:51.923-05:00 DEBUG 12808 --- [http-nio-8080-exec-9] s.w.s.m.m.a.RequestMappingHandlerMapping : Mapped to org.springframework.boot.autoconfigure.web.servlet.error.BasicErrorController#error(HttpServletRequest)
2026-01-14T16:57:51.923-05:00 DEBUG 12808 --- [http-nio-8080-exec-9] s.w.s.m.m.a.RequestMappingHandlerMapping : Mapped to org.springframework.boot.autoconfigure.web.servlet.error.BasicErrorController#error(HttpServletRequest)
2026-01-14T16:57:51.923-05:00 DEBUG 12808 --- [http-nio-8080-exec-9] s.w.s.m.m.a.RequestMappingHandlerMapping : Mapped to org.springframework.boot.autoconfigure.web.servlet.error.BasicErrorController#error(HttpServletRequest)
2026-01-14T16:57:51.925-05:00 DEBUG 12808 --- [http-nio-8080-exec-9] o.s.s.w.a.AnonymousAuthenticationFilter  : Set SecurityContextHolder to anonymous SecurityContext
2026-01-14T16:57:51.925-05:00 ERROR 12808 --- [http-nio-8080-exec-9] c.m.security.jwt.AuthEntryPointJwt       : Unauthorized error: Full authentication is required to access this resource
2026-01-14T16:57:51.961-05:00 DEBUG 12808 --- [http-nio-8080-exec-1] o.s.security.web.FilterChainProxy        : Securing GET /public/health
2026-01-14T16:57:51.961-05:00 DEBUG 12808 --- [http-nio-8080-exec-1] o.s.s.w.a.AnonymousAuthenticationFilter  : Set SecurityContextHolder to anonymous SecurityContext
2026-01-14T16:57:51.961-05:00 DEBUG 12808 --- [http-nio-8080-exec-1] o.s.w.s.handler.SimpleUrlHandlerMapping  : Mapped to ResourceHttpRequestHandler [classpath [META-INF/resources/], classpath [resources/], classpath [static/], classpath [public/], ServletContext [/]]
2026-01-14T16:57:51.962-05:00 DEBUG 12808 --- [http-nio-8080-exec-1] o.s.w.s.handler.SimpleUrlHandlerMapping  : Mapped to ResourceHttpRequestHandler [classpath [META-INF/resources/], classpath [resources/], classpath [static/], classpath [public/], ServletContext [/]]
2026-01-14T16:57:51.962-05:00 DEBUG 12808 --- [http-nio-8080-exec-1] o.s.w.s.handler.SimpleUrlHandlerMapping  : Mapped to ResourceHttpRequestHandler [classpath [META-INF/resources/], classpath [resources/], classpath [static/], classpath [public/], ServletContext [/]]
2026-01-14T16:57:51.962-05:00 DEBUG 12808 --- [http-nio-8080-exec-1] o.s.security.web.FilterChainProxy        : Secured GET /public/health
2026-01-14T16:57:51.962-05:00 DEBUG 12808 --- [http-nio-8080-exec-1] com.minimarket.config.DebugFilter        : 🔍 Request: GET /api/public/health from 0:0:0:0:0:0:0:1
2026-01-14T16:57:51.962-05:00 DEBUG 12808 --- [http-nio-8080-exec-1] o.s.web.servlet.DispatcherServlet        : GET "/api/public/health", parameters={}
2026-01-14T16:57:51.962-05:00 DEBUG 12808 --- [http-nio-8080-exec-1] o.s.w.s.handler.SimpleUrlHandlerMapping  : Mapped to ResourceHttpRequestHandler [classpath [META-INF/resources/], classpath [resources/], classpath [static/], classpath [public/], ServletContext [/]]
2026-01-14T16:57:51.965-05:00 DEBUG 12808 --- [http-nio-8080-exec-1] o.s.w.s.r.ResourceHttpRequestHandler     : Resource not found
2026-01-14T16:57:51.965-05:00 DEBUG 12808 --- [http-nio-8080-exec-1] o.s.web.servlet.DispatcherServlet        : Completed 404 NOT_FOUND
2026-01-14T16:57:51.965-05:00 DEBUG 12808 --- [http-nio-8080-exec-1] o.s.security.web.FilterChainProxy        : Securing GET /error
2026-01-14T16:57:51.965-05:00 DEBUG 12808 --- [http-nio-8080-exec-1] s.w.s.m.m.a.RequestMappingHandlerMapping : Mapped to org.springframework.boot.autoconfigure.web.servlet.error.BasicErrorController#error(HttpServletRequest)
2026-01-14T16:57:51.965-05:00 DEBUG 12808 --- [http-nio-8080-exec-1] s.w.s.m.m.a.RequestMappingHandlerMapping : Mapped to org.springframework.boot.autoconfigure.web.servlet.error.BasicErrorController#error(HttpServletRequest)
2026-01-14T16:57:51.965-05:00 DEBUG 12808 --- [http-nio-8080-exec-1] s.w.s.m.m.a.RequestMappingHandlerMapping : Mapped to org.springframework.boot.autoconfigure.web.servlet.error.BasicErrorController#error(HttpServletRequest)
2026-01-14T16:57:51.965-05:00 DEBUG 12808 --- [http-nio-8080-exec-1] s.w.s.m.m.a.RequestMappingHandlerMapping : Mapped to org.springframework.boot.autoconfigure.web.servlet.error.BasicErrorController#error(HttpServletRequest)
2026-01-14T16:57:51.967-05:00 DEBUG 12808 --- [http-nio-8080-exec-1] s.w.s.m.m.a.RequestMappingHandlerMapping : Mapped to org.springframework.boot.autoconfigure.web.servlet.error.BasicErrorController#error(HttpServletRequest)
2026-01-14T16:57:51.967-05:00 DEBUG 12808 --- [http-nio-8080-exec-1] s.w.s.m.m.a.RequestMappingHandlerMapping : Mapped to org.springframework.boot.autoconfigure.web.servlet.error.BasicErrorController#error(HttpServletRequest)
2026-01-14T16:57:51.967-05:00 DEBUG 12808 --- [http-nio-8080-exec-1] s.w.s.m.m.a.RequestMappingHandlerMapping : Mapped to org.springframework.boot.autoconfigure.web.servlet.error.BasicErrorController#error(HttpServletRequest)
2026-01-14T16:57:51.968-05:00 DEBUG 12808 --- [http-nio-8080-exec-1] o.s.s.w.a.AnonymousAuthenticationFilter  : Set SecurityContextHolder to anonymous SecurityContext
2026-01-14T16:57:51.968-05:00 ERROR 12808 --- [http-nio-8080-exec-1] c.m.security.jwt.AuthEntryPointJwt       : Unauthorized error: Full authentication is required to access this resource
2026-01-14T16:57:51.972-05:00 DEBUG 12808 --- [http-nio-8080-exec-3] o.s.security.web.FilterChainProxy        : Securing GET /public/db-check
2026-01-14T16:57:51.972-05:00 DEBUG 12808 --- [http-nio-8080-exec-3] o.s.s.w.a.AnonymousAuthenticationFilter  : Set SecurityContextHolder to anonymous SecurityContext
2026-01-14T16:57:51.972-05:00 DEBUG 12808 --- [http-nio-8080-exec-3] o.s.w.s.handler.SimpleUrlHandlerMapping  : Mapped to ResourceHttpRequestHandler [classpath [META-INF/resources/], classpath [resources/], classpath [static/], classpath [public/], ServletContext [/]]
2026-01-14T16:57:51.972-05:00 DEBUG 12808 --- [http-nio-8080-exec-3] o.s.w.s.handler.SimpleUrlHandlerMapping  : Mapped to ResourceHttpRequestHandler [classpath [META-INF/resources/], classpath [resources/], classpath [static/], classpath [public/], ServletContext [/]]
2026-01-14T16:57:51.974-05:00 DEBUG 12808 --- [http-nio-8080-exec-3] o.s.w.s.handler.SimpleUrlHandlerMapping  : Mapped to ResourceHttpRequestHandler [classpath [META-INF/resources/], classpath [resources/], classpath [static/], classpath [public/], ServletContext [/]]
2026-01-14T16:57:51.974-05:00 DEBUG 12808 --- [http-nio-8080-exec-3] o.s.security.web.FilterChainProxy        : Secured GET /public/db-check
2026-01-14T16:57:51.974-05:00 DEBUG 12808 --- [http-nio-8080-exec-3] com.minimarket.config.DebugFilter        : 🔍 Request: GET /api/public/db-check from 0:0:0:0:0:0:0:1
2026-01-14T16:57:51.974-05:00 DEBUG 12808 --- [http-nio-8080-exec-3] o.s.web.servlet.DispatcherServlet        : GET "/api/public/db-check", parameters={}
2026-01-14T16:57:51.974-05:00 DEBUG 12808 --- [http-nio-8080-exec-3] o.s.w.s.handler.SimpleUrlHandlerMapping  : Mapped to ResourceHttpRequestHandler [classpath [META-INF/resources/], classpath [resources/], classpath [static/], classpath [public/], ServletContext [/]]
2026-01-14T16:57:51.976-05:00 DEBUG 12808 --- [http-nio-8080-exec-3] o.s.w.s.r.ResourceHttpRequestHandler     : Resource not found
2026-01-14T16:57:51.977-05:00 DEBUG 12808 --- [http-nio-8080-exec-3] o.s.web.servlet.DispatcherServlet        : Completed 404 NOT_FOUND
2026-01-14T16:57:51.977-05:00 DEBUG 12808 --- [http-nio-8080-exec-3] o.s.security.web.FilterChainProxy        : Securing GET /error
2026-01-14T16:57:51.977-05:00 DEBUG 12808 --- [http-nio-8080-exec-3] s.w.s.m.m.a.RequestMappingHandlerMapping : Mapped to org.springframework.boot.autoconfigure.web.servlet.error.BasicErrorController#error(HttpServletRequest)
2026-01-14T16:57:51.977-05:00 DEBUG 12808 --- [http-nio-8080-exec-3] s.w.s.m.m.a.RequestMappingHandlerMapping : Mapped to org.springframework.boot.autoconfigure.web.servlet.error.BasicErrorController#error(HttpServletRequest)
2026-01-14T16:57:51.978-05:00 DEBUG 12808 --- [http-nio-8080-exec-3] s.w.s.m.m.a.RequestMappingHandlerMapping : Mapped to org.springframework.boot.autoconfigure.web.servlet.error.BasicErrorController#error(HttpServletRequest)
2026-01-14T16:57:51.978-05:00 DEBUG 12808 --- [http-nio-8080-exec-3] s.w.s.m.m.a.RequestMappingHandlerMapping : Mapped to org.springframework.boot.autoconfigure.web.servlet.error.BasicErrorController#error(HttpServletRequest)
2026-01-14T16:57:51.978-05:00 DEBUG 12808 --- [http-nio-8080-exec-3] s.w.s.m.m.a.RequestMappingHandlerMapping : Mapped to org.springframework.boot.autoconfigure.web.servlet.error.BasicErrorController#error(HttpServletRequest)
2026-01-14T16:57:51.978-05:00 DEBUG 12808 --- [http-nio-8080-exec-3] s.w.s.m.m.a.RequestMappingHandlerMapping : Mapped to org.springframework.boot.autoconfigure.web.servlet.error.BasicErrorController#error(HttpServletRequest)
2026-01-14T16:57:51.978-05:00 DEBUG 12808 --- [http-nio-8080-exec-3] s.w.s.m.m.a.RequestMappingHandlerMapping : Mapped to org.springframework.boot.autoconfigure.web.servlet.error.BasicErrorController#error(HttpServletRequest)
2026-01-14T16:57:51.978-05:00 DEBUG 12808 --- [http-nio-8080-exec-3] o.s.s.w.a.AnonymousAuthenticationFilter  : Set SecurityContextHolder to anonymous SecurityContext
2026-01-14T16:57:51.978-05:00 ERROR 12808 --- [http-nio-8080-exec-3] c.m.security.jwt.AuthEntryPointJwt       : Unauthorized error: Full authentication is required to access this resource
2026-01-14T17:04:46.699-05:00  INFO 5616 --- [restartedMain] com.minimarket.MinimarketApplication     : Starting MinimarketApplication using Java 17.0.17 with PID 5616 (C:\Users\Nvidia\Desktop\minimarket_backend\target\classes started by Nvidia in C:\Users\Nvidia\Desktop\minimarket_backend)
2026-01-14T17:04:46.701-05:00 DEBUG 5616 --- [restartedMain] com.minimarket.MinimarketApplication     : Running with Spring Boot v3.1.5, Spring v6.0.13
2026-01-14T17:04:46.701-05:00  INFO 5616 --- [restartedMain] com.minimarket.MinimarketApplication     : No active profile set, falling back to 1 default profile: "default"
2026-01-14T17:04:46.736-05:00  INFO 5616 --- [restartedMain] .e.DevToolsPropertyDefaultsPostProcessor : Devtools property defaults active! Set 'spring.devtools.add-properties' to 'false' to disable
2026-01-14T17:04:46.736-05:00  INFO 5616 --- [restartedMain] .e.DevToolsPropertyDefaultsPostProcessor : For additional web related logging consider setting the 'logging.level.web' property to 'DEBUG'
2026-01-14T17:04:47.130-05:00  INFO 5616 --- [restartedMain] .s.d.r.c.RepositoryConfigurationDelegate : Bootstrapping Spring Data JPA repositories in DEFAULT mode.
2026-01-14T17:04:47.177-05:00  INFO 5616 --- [restartedMain] .s.d.r.c.RepositoryConfigurationDelegate : Finished Spring Data repository scanning in 41 ms. Found 2 JPA repository interfaces.
2026-01-14T17:04:47.610-05:00  INFO 5616 --- [restartedMain] o.s.b.w.embedded.tomcat.TomcatWebServer  : Tomcat initialized with port(s): 8080 (http)
2026-01-14T17:04:47.618-05:00  INFO 5616 --- [restartedMain] o.apache.catalina.core.StandardService   : Starting service [Tomcat]
2026-01-14T17:04:47.618-05:00  INFO 5616 --- [restartedMain] o.apache.catalina.core.StandardEngine    : Starting Servlet engine: [Apache Tomcat/10.1.15]
2026-01-14T17:04:47.660-05:00  INFO 5616 --- [restartedMain] o.a.c.c.C.[Tomcat].[localhost].[/api]    : Initializing Spring embedded WebApplicationContext
2026-01-14T17:04:47.660-05:00  INFO 5616 --- [restartedMain] w.s.c.ServletWebServerApplicationContext : Root WebApplicationContext: initialization completed in 924 ms
2026-01-14T17:04:47.740-05:00  INFO 5616 --- [restartedMain] o.hibernate.jpa.internal.util.LogHelper  : HHH000204: Processing PersistenceUnitInfo [name: default]
2026-01-14T17:04:47.776-05:00  INFO 5616 --- [restartedMain] org.hibernate.Version                    : HHH000412: Hibernate ORM core version 6.2.13.Final
2026-01-14T17:04:47.778-05:00  INFO 5616 --- [restartedMain] org.hibernate.cfg.Environment            : HHH000406: Using bytecode reflection optimizer
2026-01-14T17:04:47.928-05:00  INFO 5616 --- [restartedMain] o.s.o.j.p.SpringPersistenceUnitInfo      : No LoadTimeWeaver setup: ignoring JPA class transformer
2026-01-14T17:04:47.944-05:00  INFO 5616 --- [restartedMain] com.zaxxer.hikari.HikariDataSource       : HikariPool-1 - Starting...
2026-01-14T17:04:48.112-05:00  INFO 5616 --- [restartedMain] com.zaxxer.hikari.pool.HikariPool        : HikariPool-1 - Added connection org.postgresql.jdbc.PgConnection@1acd293b
2026-01-14T17:04:48.114-05:00  INFO 5616 --- [restartedMain] com.zaxxer.hikari.HikariDataSource       : HikariPool-1 - Start completed.
2026-01-14T17:04:48.722-05:00  INFO 5616 --- [restartedMain] o.h.e.t.j.p.i.JtaPlatformInitiator       : HHH000489: No JTA platform available (set 'hibernate.transaction.jta.platform' to enable JTA platform integration)
2026-01-14T17:04:48.756-05:00 DEBUG 5616 --- [restartedMain] org.hibernate.SQL                        : 
    alter table if exists usuarios 
       drop constraint if exists UKm2dvbwfge291euvmk6vkkocao
2026-01-14T17:04:48.759-05:00  WARN 5616 --- [restartedMain] o.h.engine.jdbc.spi.SqlExceptionHelper   : SQL Warning Code: 0, SQLState: 00000
2026-01-14T17:04:48.760-05:00  WARN 5616 --- [restartedMain] o.h.engine.jdbc.spi.SqlExceptionHelper   : no existe la restricción «ukm2dvbwfge291euvmk6vkkocao» en la relación «usuarios», omitiendo
2026-01-14T17:04:48.760-05:00 DEBUG 5616 --- [restartedMain] org.hibernate.SQL                        : 
    alter table if exists usuarios 
       add constraint UKm2dvbwfge291euvmk6vkkocao unique (username)
2026-01-14T17:04:48.788-05:00  INFO 5616 --- [restartedMain] j.LocalContainerEntityManagerFactoryBean : Initialized JPA EntityManagerFactory for persistence unit 'default'
2026-01-14T17:04:49.003-05:00 DEBUG 5616 --- [restartedMain] c.m.security.jwt.AuthTokenFilter         : Filter 'authenticationJwtTokenFilter' configured for use
2026-01-14T17:04:49.151-05:00 DEBUG 5616 --- [restartedMain] s.w.s.m.m.a.RequestMappingHandlerMapping : 12 mappings in 'requestMappingHandlerMapping'
2026-01-14T17:04:49.240-05:00 DEBUG 5616 --- [restartedMain] o.s.w.s.handler.SimpleUrlHandlerMapping  : Patterns [/webjars/**, /**] in 'resourceHandlerMapping'
2026-01-14T17:04:49.261-05:00  INFO 5616 --- [restartedMain] o.s.s.web.DefaultSecurityFilterChain     : Will secure any request with [org.springframework.security.web.session.DisableEncodeUrlFilter@6670c295, org.springframework.security.web.context.request.async.WebAsyncManagerIntegrationFilter@1c86c2f, org.springframework.security.web.context.SecurityContextHolderFilter@75da00, org.springframework.security.web.header.HeaderWriterFilter@1f092ffb, org.springframework.security.web.authentication.logout.LogoutFilter@4928869d, com.minimarket.security.jwt.AuthTokenFilter@b8e51a5, org.springframework.security.web.savedrequest.RequestCacheAwareFilter@1147ace1, org.springframework.security.web.servletapi.SecurityContextHolderAwareRequestFilter@4ca5eb9f, org.springframework.security.web.authentication.AnonymousAuthenticationFilter@198dbb6a, org.springframework.security.web.session.SessionManagementFilter@897f02a, org.springframework.security.web.access.ExceptionTranslationFilter@5c85d672, org.springframework.security.web.access.intercept.AuthorizationFilter@7e732599]
2026-01-14T17:04:49.311-05:00 DEBUG 5616 --- [restartedMain] s.w.s.m.m.a.RequestMappingHandlerAdapter : ControllerAdvice beans: 0 @ModelAttribute, 0 @InitBinder, 1 RequestBodyAdvice, 1 ResponseBodyAdvice
2026-01-14T17:04:49.337-05:00 DEBUG 5616 --- [restartedMain] .m.m.a.ExceptionHandlerExceptionResolver : ControllerAdvice beans: 0 @ExceptionHandler, 1 ResponseBodyAdvice
2026-01-14T17:04:49.400-05:00  INFO 5616 --- [restartedMain] o.s.b.d.a.OptionalLiveReloadServer       : LiveReload server is running on port 35729
2026-01-14T17:04:49.420-05:00  INFO 5616 --- [restartedMain] o.s.b.w.embedded.tomcat.TomcatWebServer  : Tomcat started on port(s): 8080 (http) with context path '/api'
2026-01-14T17:04:49.428-05:00  INFO 5616 --- [restartedMain] com.minimarket.MinimarketApplication     : Started MinimarketApplication in 3.016 seconds (process running for 3.283)
2026-01-14T17:04:49.429-05:00  INFO 5616 --- [restartedMain] com.minimarket.config.DataLoader         : === INICIANDO CARGA DE DATOS ===
2026-01-14T17:04:49.587-05:00 DEBUG 5616 --- [restartedMain] org.hibernate.SQL                        : 
    select
        count(*) 
    from
        roles r1_0
2026-01-14T17:04:49.593-05:00  INFO 5616 --- [restartedMain] com.minimarket.config.DataLoader         : ✓ Roles ya existen en la base de datos
2026-01-14T17:04:49.638-05:00 DEBUG 5616 --- [restartedMain] org.hibernate.SQL                        : 
    select
        u1_0.id,
        u1_0.activo,
        u1_0.password,
        u1_0.username 
    from
        usuarios u1_0 
    where
        u1_0.username=?
2026-01-14T17:04:49.648-05:00  INFO 5616 --- [restartedMain] com.minimarket.config.DataLoader         : ✓ Usuario admin ya existe
2026-01-14T17:04:49.648-05:00  INFO 5616 --- [restartedMain] com.minimarket.config.DataLoader         : === CARGA DE DATOS COMPLETADA ===
2026-01-14T17:05:01.086-05:00  INFO 5616 --- [http-nio-8080-exec-1] o.a.c.c.C.[Tomcat].[localhost].[/api]    : Initializing Spring DispatcherServlet 'dispatcherServlet'
2026-01-14T17:05:01.088-05:00  INFO 5616 --- [http-nio-8080-exec-1] o.s.web.servlet.DispatcherServlet        : Initializing Servlet 'dispatcherServlet'
2026-01-14T17:05:01.088-05:00 DEBUG 5616 --- [http-nio-8080-exec-1] o.s.web.servlet.DispatcherServlet        : Detected StandardServletMultipartResolver
2026-01-14T17:05:01.088-05:00 DEBUG 5616 --- [http-nio-8080-exec-1] o.s.web.servlet.DispatcherServlet        : Detected AcceptHeaderLocaleResolver
2026-01-14T17:05:01.088-05:00 DEBUG 5616 --- [http-nio-8080-exec-1] o.s.web.servlet.DispatcherServlet        : Detected FixedThemeResolver
2026-01-14T17:05:01.088-05:00 DEBUG 5616 --- [http-nio-8080-exec-1] o.s.web.servlet.DispatcherServlet        : Detected org.springframework.web.servlet.view.DefaultRequestToViewNameTranslator@216fa07
2026-01-14T17:05:01.088-05:00 DEBUG 5616 --- [http-nio-8080-exec-1] o.s.web.servlet.DispatcherServlet        : Detected org.springframework.web.servlet.support.SessionFlashMapManager@11e3aa5
2026-01-14T17:05:01.088-05:00 DEBUG 5616 --- [http-nio-8080-exec-1] o.s.web.servlet.DispatcherServlet        : enableLoggingRequestDetails='false': request parameters and headers will be masked to prevent unsafe logging of potentially sensitive data
2026-01-14T17:05:01.090-05:00  INFO 5616 --- [http-nio-8080-exec-1] o.s.web.servlet.DispatcherServlet        : Completed initialization in 2 ms
2026-01-14T17:05:01.092-05:00 DEBUG 5616 --- [http-nio-8080-exec-1] o.s.security.web.FilterChainProxy        : Securing GET /
2026-01-14T17:05:01.100-05:00  INFO 5616 --- [http-nio-8080-exec-1] c.m.security.jwt.AuthTokenFilter         : 🔍 Request: GET /api/ from 0:0:0:0:0:0:0:1
2026-01-14T17:05:01.100-05:00 DEBUG 5616 --- [http-nio-8080-exec-1] c.m.security.jwt.AuthTokenFilter         : No se encontró header Authorization con Bearer token
2026-01-14T17:05:01.100-05:00 DEBUG 5616 --- [http-nio-8080-exec-1] c.m.security.jwt.AuthTokenFilter         : No se encontró token JWT en la solicitud
2026-01-14T17:05:01.102-05:00 DEBUG 5616 --- [http-nio-8080-exec-1] o.s.s.w.a.AnonymousAuthenticationFilter  : Set SecurityContextHolder to anonymous SecurityContext
2026-01-14T17:05:01.110-05:00 DEBUG 5616 --- [http-nio-8080-exec-1] o.s.w.s.handler.SimpleUrlHandlerMapping  : Mapped to ResourceHttpRequestHandler [classpath [META-INF/resources/], classpath [resources/], classpath [static/], classpath [public/], ServletContext [/]]
2026-01-14T17:05:01.112-05:00 DEBUG 5616 --- [http-nio-8080-exec-1] o.s.security.web.FilterChainProxy        : Secured GET /
2026-01-14T17:05:01.112-05:00 DEBUG 5616 --- [http-nio-8080-exec-1] com.minimarket.config.DebugFilter        : 🔍 Request: GET /api/ from 0:0:0:0:0:0:0:1
2026-01-14T17:05:01.113-05:00 DEBUG 5616 --- [http-nio-8080-exec-1] o.s.web.servlet.DispatcherServlet        : GET "/api/", parameters={}
2026-01-14T17:05:01.115-05:00 DEBUG 5616 --- [http-nio-8080-exec-1] o.s.w.s.handler.SimpleUrlHandlerMapping  : Mapped to ResourceHttpRequestHandler [classpath [META-INF/resources/], classpath [resources/], classpath [static/], classpath [public/], ServletContext [/]]
2026-01-14T17:05:01.121-05:00 DEBUG 5616 --- [http-nio-8080-exec-1] o.s.w.s.r.ResourceHttpRequestHandler     : Resource not found
2026-01-14T17:05:01.121-05:00 DEBUG 5616 --- [http-nio-8080-exec-1] o.s.web.servlet.DispatcherServlet        : Completed 404 NOT_FOUND
2026-01-14T17:05:01.125-05:00 DEBUG 5616 --- [http-nio-8080-exec-1] o.s.security.web.FilterChainProxy        : Securing GET /error
2026-01-14T17:05:01.126-05:00 DEBUG 5616 --- [http-nio-8080-exec-1] s.w.s.m.m.a.RequestMappingHandlerMapping : Mapped to org.springframework.boot.autoconfigure.web.servlet.error.BasicErrorController#error(HttpServletRequest)
2026-01-14T17:05:01.126-05:00 DEBUG 5616 --- [http-nio-8080-exec-1] o.s.security.web.FilterChainProxy        : Secured GET /error
2026-01-14T17:05:01.126-05:00 DEBUG 5616 --- [http-nio-8080-exec-1] o.s.web.servlet.DispatcherServlet        : "ERROR" dispatch for GET "/api/error", parameters={}
2026-01-14T17:05:01.128-05:00 DEBUG 5616 --- [http-nio-8080-exec-1] s.w.s.m.m.a.RequestMappingHandlerMapping : Mapped to org.springframework.boot.autoconfigure.web.servlet.error.BasicErrorController#error(HttpServletRequest)
2026-01-14T17:05:01.151-05:00 DEBUG 5616 --- [http-nio-8080-exec-1] o.s.w.s.m.m.a.HttpEntityMethodProcessor  : Using 'application/json', given [*/*] and supported [application/json, application/*+json]
2026-01-14T17:05:01.153-05:00 DEBUG 5616 --- [http-nio-8080-exec-1] o.s.w.s.m.m.a.HttpEntityMethodProcessor  : Writing [{timestamp=Wed Jan 14 17:05:01 PET 2026, status=404, error=Not Found, message=No message available,  (truncated)...]
2026-01-14T17:05:01.182-05:00 DEBUG 5616 --- [http-nio-8080-exec-1] o.s.web.servlet.DispatcherServlet        : Exiting from "ERROR" dispatch, status 404
2026-01-14T17:05:01.182-05:00 DEBUG 5616 --- [http-nio-8080-exec-1] o.s.s.w.a.AnonymousAuthenticationFilter  : Set SecurityContextHolder to anonymous SecurityContext
2026-01-14T17:05:01.211-05:00 DEBUG 5616 --- [http-nio-8080-exec-4] o.s.security.web.FilterChainProxy        : Securing GET /public/status
2026-01-14T17:05:01.211-05:00  INFO 5616 --- [http-nio-8080-exec-4] c.m.security.jwt.AuthTokenFilter         : 🔍 Request: GET /api/public/status from 0:0:0:0:0:0:0:1
2026-01-14T17:05:01.211-05:00 DEBUG 5616 --- [http-nio-8080-exec-4] c.m.security.jwt.AuthTokenFilter         : No se encontró header Authorization con Bearer token
2026-01-14T17:05:01.211-05:00 DEBUG 5616 --- [http-nio-8080-exec-4] c.m.security.jwt.AuthTokenFilter         : No se encontró token JWT en la solicitud
2026-01-14T17:05:01.211-05:00 DEBUG 5616 --- [http-nio-8080-exec-4] o.s.s.w.a.AnonymousAuthenticationFilter  : Set SecurityContextHolder to anonymous SecurityContext
2026-01-14T17:05:01.214-05:00 DEBUG 5616 --- [http-nio-8080-exec-4] o.s.w.s.handler.SimpleUrlHandlerMapping  : Mapped to ResourceHttpRequestHandler [classpath [META-INF/resources/], classpath [resources/], classpath [static/], classpath [public/], ServletContext [/]]
2026-01-14T17:05:01.214-05:00 DEBUG 5616 --- [http-nio-8080-exec-4] o.s.security.web.FilterChainProxy        : Secured GET /public/status
2026-01-14T17:05:01.214-05:00 DEBUG 5616 --- [http-nio-8080-exec-4] com.minimarket.config.DebugFilter        : 🔍 Request: GET /api/public/status from 0:0:0:0:0:0:0:1
2026-01-14T17:05:01.214-05:00 DEBUG 5616 --- [http-nio-8080-exec-4] o.s.web.servlet.DispatcherServlet        : GET "/api/public/status", parameters={}
2026-01-14T17:05:01.214-05:00 DEBUG 5616 --- [http-nio-8080-exec-4] o.s.w.s.handler.SimpleUrlHandlerMapping  : Mapped to ResourceHttpRequestHandler [classpath [META-INF/resources/], classpath [resources/], classpath [static/], classpath [public/], ServletContext [/]]
2026-01-14T17:05:01.216-05:00 DEBUG 5616 --- [http-nio-8080-exec-4] o.s.w.s.r.ResourceHttpRequestHandler     : Resource not found
2026-01-14T17:05:01.216-05:00 DEBUG 5616 --- [http-nio-8080-exec-4] o.s.web.servlet.DispatcherServlet        : Completed 404 NOT_FOUND
2026-01-14T17:05:01.216-05:00 DEBUG 5616 --- [http-nio-8080-exec-4] o.s.security.web.FilterChainProxy        : Securing GET /error
2026-01-14T17:05:01.218-05:00 DEBUG 5616 --- [http-nio-8080-exec-4] s.w.s.m.m.a.RequestMappingHandlerMapping : Mapped to org.springframework.boot.autoconfigure.web.servlet.error.BasicErrorController#error(HttpServletRequest)
2026-01-14T17:05:01.218-05:00 DEBUG 5616 --- [http-nio-8080-exec-4] o.s.security.web.FilterChainProxy        : Secured GET /error
2026-01-14T17:05:01.218-05:00 DEBUG 5616 --- [http-nio-8080-exec-4] o.s.web.servlet.DispatcherServlet        : "ERROR" dispatch for GET "/api/error", parameters={}
2026-01-14T17:05:01.218-05:00 DEBUG 5616 --- [http-nio-8080-exec-4] s.w.s.m.m.a.RequestMappingHandlerMapping : Mapped to org.springframework.boot.autoconfigure.web.servlet.error.BasicErrorController#error(HttpServletRequest)
2026-01-14T17:05:01.218-05:00 DEBUG 5616 --- [http-nio-8080-exec-4] o.s.w.s.m.m.a.HttpEntityMethodProcessor  : Using 'application/json', given [*/*] and supported [application/json, application/*+json]
2026-01-14T17:05:01.218-05:00 DEBUG 5616 --- [http-nio-8080-exec-4] o.s.w.s.m.m.a.HttpEntityMethodProcessor  : Writing [{timestamp=Wed Jan 14 17:05:01 PET 2026, status=404, error=Not Found, message=No message available,  (truncated)...]
2026-01-14T17:05:01.219-05:00 DEBUG 5616 --- [http-nio-8080-exec-4] o.s.web.servlet.DispatcherServlet        : Exiting from "ERROR" dispatch, status 404
2026-01-14T17:05:01.219-05:00 DEBUG 5616 --- [http-nio-8080-exec-4] o.s.s.w.a.AnonymousAuthenticationFilter  : Set SecurityContextHolder to anonymous SecurityContext
2026-01-14T17:05:01.225-05:00 DEBUG 5616 --- [http-nio-8080-exec-5] o.s.security.web.FilterChainProxy        : Securing GET /public/health
2026-01-14T17:05:01.227-05:00  INFO 5616 --- [http-nio-8080-exec-5] c.m.security.jwt.AuthTokenFilter         : 🔍 Request: GET /api/public/health from 0:0:0:0:0:0:0:1
2026-01-14T17:05:01.227-05:00 DEBUG 5616 --- [http-nio-8080-exec-5] c.m.security.jwt.AuthTokenFilter         : No se encontró header Authorization con Bearer token
2026-01-14T17:05:01.227-05:00 DEBUG 5616 --- [http-nio-8080-exec-5] c.m.security.jwt.AuthTokenFilter         : No se encontró token JWT en la solicitud
2026-01-14T17:05:01.227-05:00 DEBUG 5616 --- [http-nio-8080-exec-5] o.s.s.w.a.AnonymousAuthenticationFilter  : Set SecurityContextHolder to anonymous SecurityContext
2026-01-14T17:05:01.228-05:00 DEBUG 5616 --- [http-nio-8080-exec-5] o.s.w.s.handler.SimpleUrlHandlerMapping  : Mapped to ResourceHttpRequestHandler [classpath [META-INF/resources/], classpath [resources/], classpath [static/], classpath [public/], ServletContext [/]]
2026-01-14T17:05:01.229-05:00 DEBUG 5616 --- [http-nio-8080-exec-5] o.s.security.web.FilterChainProxy        : Secured GET /public/health
2026-01-14T17:05:01.229-05:00 DEBUG 5616 --- [http-nio-8080-exec-5] com.minimarket.config.DebugFilter        : 🔍 Request: GET /api/public/health from 0:0:0:0:0:0:0:1
2026-01-14T17:05:01.229-05:00 DEBUG 5616 --- [http-nio-8080-exec-5] o.s.web.servlet.DispatcherServlet        : GET "/api/public/health", parameters={}
2026-01-14T17:05:01.229-05:00 DEBUG 5616 --- [http-nio-8080-exec-5] o.s.w.s.handler.SimpleUrlHandlerMapping  : Mapped to ResourceHttpRequestHandler [classpath [META-INF/resources/], classpath [resources/], classpath [static/], classpath [public/], ServletContext [/]]
2026-01-14T17:05:01.230-05:00 DEBUG 5616 --- [http-nio-8080-exec-5] o.s.w.s.r.ResourceHttpRequestHandler     : Resource not found
2026-01-14T17:05:01.230-05:00 DEBUG 5616 --- [http-nio-8080-exec-5] o.s.web.servlet.DispatcherServlet        : Completed 404 NOT_FOUND
2026-01-14T17:05:01.231-05:00 DEBUG 5616 --- [http-nio-8080-exec-5] o.s.security.web.FilterChainProxy        : Securing GET /error
2026-01-14T17:05:01.231-05:00 DEBUG 5616 --- [http-nio-8080-exec-5] s.w.s.m.m.a.RequestMappingHandlerMapping : Mapped to org.springframework.boot.autoconfigure.web.servlet.error.BasicErrorController#error(HttpServletRequest)
2026-01-14T17:05:01.232-05:00 DEBUG 5616 --- [http-nio-8080-exec-5] o.s.security.web.FilterChainProxy        : Secured GET /error
2026-01-14T17:05:01.232-05:00 DEBUG 5616 --- [http-nio-8080-exec-5] o.s.web.servlet.DispatcherServlet        : "ERROR" dispatch for GET "/api/error", parameters={}
2026-01-14T17:05:01.232-05:00 DEBUG 5616 --- [http-nio-8080-exec-5] s.w.s.m.m.a.RequestMappingHandlerMapping : Mapped to org.springframework.boot.autoconfigure.web.servlet.error.BasicErrorController#error(HttpServletRequest)
2026-01-14T17:05:01.232-05:00 DEBUG 5616 --- [http-nio-8080-exec-5] o.s.w.s.m.m.a.HttpEntityMethodProcessor  : Using 'application/json', given [*/*] and supported [application/json, application/*+json]
2026-01-14T17:05:01.232-05:00 DEBUG 5616 --- [http-nio-8080-exec-5] o.s.w.s.m.m.a.HttpEntityMethodProcessor  : Writing [{timestamp=Wed Jan 14 17:05:01 PET 2026, status=404, error=Not Found, message=No message available,  (truncated)...]
2026-01-14T17:05:01.234-05:00 DEBUG 5616 --- [http-nio-8080-exec-5] o.s.web.servlet.DispatcherServlet        : Exiting from "ERROR" dispatch, status 404
2026-01-14T17:05:01.234-05:00 DEBUG 5616 --- [http-nio-8080-exec-5] o.s.s.w.a.AnonymousAuthenticationFilter  : Set SecurityContextHolder to anonymous SecurityContext
2026-01-14T17:05:01.238-05:00 DEBUG 5616 --- [http-nio-8080-exec-7] o.s.security.web.FilterChainProxy        : Securing GET /public/db-check
2026-01-14T17:05:01.238-05:00  INFO 5616 --- [http-nio-8080-exec-7] c.m.security.jwt.AuthTokenFilter         : 🔍 Request: GET /api/public/db-check from 0:0:0:0:0:0:0:1
2026-01-14T17:05:01.240-05:00 DEBUG 5616 --- [http-nio-8080-exec-7] c.m.security.jwt.AuthTokenFilter         : No se encontró header Authorization con Bearer token
2026-01-14T17:05:01.240-05:00 DEBUG 5616 --- [http-nio-8080-exec-7] c.m.security.jwt.AuthTokenFilter         : No se encontró token JWT en la solicitud
2026-01-14T17:05:01.240-05:00 DEBUG 5616 --- [http-nio-8080-exec-7] o.s.s.w.a.AnonymousAuthenticationFilter  : Set SecurityContextHolder to anonymous SecurityContext
2026-01-14T17:05:01.241-05:00 DEBUG 5616 --- [http-nio-8080-exec-7] o.s.w.s.handler.SimpleUrlHandlerMapping  : Mapped to ResourceHttpRequestHandler [classpath [META-INF/resources/], classpath [resources/], classpath [static/], classpath [public/], ServletContext [/]]
2026-01-14T17:05:01.241-05:00 DEBUG 5616 --- [http-nio-8080-exec-7] o.s.security.web.FilterChainProxy        : Secured GET /public/db-check
2026-01-14T17:05:01.241-05:00 DEBUG 5616 --- [http-nio-8080-exec-7] com.minimarket.config.DebugFilter        : 🔍 Request: GET /api/public/db-check from 0:0:0:0:0:0:0:1
2026-01-14T17:05:01.242-05:00 DEBUG 5616 --- [http-nio-8080-exec-7] o.s.web.servlet.DispatcherServlet        : GET "/api/public/db-check", parameters={}
2026-01-14T17:05:01.243-05:00 DEBUG 5616 --- [http-nio-8080-exec-7] o.s.w.s.handler.SimpleUrlHandlerMapping  : Mapped to ResourceHttpRequestHandler [classpath [META-INF/resources/], classpath [resources/], classpath [static/], classpath [public/], ServletContext [/]]
2026-01-14T17:05:01.244-05:00 DEBUG 5616 --- [http-nio-8080-exec-7] o.s.w.s.r.ResourceHttpRequestHandler     : Resource not found
2026-01-14T17:05:01.244-05:00 DEBUG 5616 --- [http-nio-8080-exec-7] o.s.web.servlet.DispatcherServlet        : Completed 404 NOT_FOUND
2026-01-14T17:05:01.244-05:00 DEBUG 5616 --- [http-nio-8080-exec-7] o.s.security.web.FilterChainProxy        : Securing GET /error
2026-01-14T17:05:01.245-05:00 DEBUG 5616 --- [http-nio-8080-exec-7] s.w.s.m.m.a.RequestMappingHandlerMapping : Mapped to org.springframework.boot.autoconfigure.web.servlet.error.BasicErrorController#error(HttpServletRequest)
2026-01-14T17:05:01.245-05:00 DEBUG 5616 --- [http-nio-8080-exec-7] o.s.security.web.FilterChainProxy        : Secured GET /error
2026-01-14T17:05:01.245-05:00 DEBUG 5616 --- [http-nio-8080-exec-7] o.s.web.servlet.DispatcherServlet        : "ERROR" dispatch for GET "/api/error", parameters={}
2026-01-14T17:05:01.245-05:00 DEBUG 5616 --- [http-nio-8080-exec-7] s.w.s.m.m.a.RequestMappingHandlerMapping : Mapped to org.springframework.boot.autoconfigure.web.servlet.error.BasicErrorController#error(HttpServletRequest)
2026-01-14T17:05:01.245-05:00 DEBUG 5616 --- [http-nio-8080-exec-7] o.s.w.s.m.m.a.HttpEntityMethodProcessor  : Using 'application/json', given [*/*] and supported [application/json, application/*+json]
2026-01-14T17:05:01.245-05:00 DEBUG 5616 --- [http-nio-8080-exec-7] o.s.w.s.m.m.a.HttpEntityMethodProcessor  : Writing [{timestamp=Wed Jan 14 17:05:01 PET 2026, status=404, error=Not Found, message=No message available,  (truncated)...]
2026-01-14T17:05:01.245-05:00 DEBUG 5616 --- [http-nio-8080-exec-7] o.s.web.servlet.DispatcherServlet        : Exiting from "ERROR" dispatch, status 404
2026-01-14T17:05:01.248-05:00 DEBUG 5616 --- [http-nio-8080-exec-7] o.s.s.w.a.AnonymousAuthenticationFilter  : Set SecurityContextHolder to anonymous SecurityContext
2026-01-14T17:05:01.255-05:00 DEBUG 5616 --- [http-nio-8080-exec-9] o.s.security.web.FilterChainProxy        : Securing POST /public/test-post
2026-01-14T17:05:01.255-05:00  INFO 5616 --- [http-nio-8080-exec-9] c.m.security.jwt.AuthTokenFilter         : 🔍 Request: POST /api/public/test-post from 0:0:0:0:0:0:0:1
2026-01-14T17:05:01.255-05:00 DEBUG 5616 --- [http-nio-8080-exec-9] c.m.security.jwt.AuthTokenFilter         : No se encontró header Authorization con Bearer token
2026-01-14T17:05:01.255-05:00 DEBUG 5616 --- [http-nio-8080-exec-9] c.m.security.jwt.AuthTokenFilter         : No se encontró token JWT en la solicitud
2026-01-14T17:05:01.255-05:00 DEBUG 5616 --- [http-nio-8080-exec-9] o.s.s.w.a.AnonymousAuthenticationFilter  : Set SecurityContextHolder to anonymous SecurityContext
2026-01-14T17:05:01.256-05:00 DEBUG 5616 --- [http-nio-8080-exec-9] o.s.w.s.handler.SimpleUrlHandlerMapping  : Mapped to ResourceHttpRequestHandler [classpath [META-INF/resources/], classpath [resources/], classpath [static/], classpath [public/], ServletContext [/]]
2026-01-14T17:05:01.256-05:00 DEBUG 5616 --- [http-nio-8080-exec-9] o.s.security.web.FilterChainProxy        : Secured POST /public/test-post
2026-01-14T17:05:01.256-05:00 DEBUG 5616 --- [http-nio-8080-exec-9] com.minimarket.config.DebugFilter        : 🔍 Request: POST /api/public/test-post from 0:0:0:0:0:0:0:1
2026-01-14T17:05:01.256-05:00 DEBUG 5616 --- [http-nio-8080-exec-9] o.s.web.servlet.DispatcherServlet        : POST "/api/public/test-post", parameters={}
2026-01-14T17:05:01.256-05:00 DEBUG 5616 --- [http-nio-8080-exec-9] o.s.w.s.handler.SimpleUrlHandlerMapping  : Mapped to ResourceHttpRequestHandler [classpath [META-INF/resources/], classpath [resources/], classpath [static/], classpath [public/], ServletContext [/]]
2026-01-14T17:05:01.258-05:00 DEBUG 5616 --- [http-nio-8080-exec-9] o.s.w.s.r.ResourceHttpRequestHandler     : Resource not found
2026-01-14T17:05:01.258-05:00 DEBUG 5616 --- [http-nio-8080-exec-9] o.s.web.servlet.DispatcherServlet        : Completed 404 NOT_FOUND
2026-01-14T17:05:01.258-05:00 DEBUG 5616 --- [http-nio-8080-exec-9] o.s.security.web.FilterChainProxy        : Securing POST /error
2026-01-14T17:05:01.258-05:00 DEBUG 5616 --- [http-nio-8080-exec-9] s.w.s.m.m.a.RequestMappingHandlerMapping : Mapped to org.springframework.boot.autoconfigure.web.servlet.error.BasicErrorController#error(HttpServletRequest)
2026-01-14T17:05:01.258-05:00 DEBUG 5616 --- [http-nio-8080-exec-9] o.s.security.web.FilterChainProxy        : Secured POST /error
2026-01-14T17:05:01.258-05:00 DEBUG 5616 --- [http-nio-8080-exec-9] o.s.web.servlet.DispatcherServlet        : "ERROR" dispatch for POST "/api/error", parameters={}
2026-01-14T17:05:01.258-05:00 DEBUG 5616 --- [http-nio-8080-exec-9] s.w.s.m.m.a.RequestMappingHandlerMapping : Mapped to org.springframework.boot.autoconfigure.web.servlet.error.BasicErrorController#error(HttpServletRequest)
2026-01-14T17:05:01.261-05:00 DEBUG 5616 --- [http-nio-8080-exec-9] o.s.w.s.m.m.a.HttpEntityMethodProcessor  : Using 'application/json', given [*/*] and supported [application/json, application/*+json]
2026-01-14T17:05:01.261-05:00 DEBUG 5616 --- [http-nio-8080-exec-9] o.s.w.s.m.m.a.HttpEntityMethodProcessor  : Writing [{timestamp=Wed Jan 14 17:05:01 PET 2026, status=404, error=Not Found, message=No message available,  (truncated)...]
2026-01-14T17:05:01.261-05:00 DEBUG 5616 --- [http-nio-8080-exec-9] o.s.web.servlet.DispatcherServlet        : Exiting from "ERROR" dispatch, status 404
2026-01-14T17:05:01.261-05:00 DEBUG 5616 --- [http-nio-8080-exec-9] o.s.s.w.a.AnonymousAuthenticationFilter  : Set SecurityContextHolder to anonymous SecurityContext
2026-01-14T17:05:01.267-05:00 DEBUG 5616 --- [http-nio-8080-exec-1] o.s.security.web.FilterChainProxy        : Securing POST /auth/signin
2026-01-14T17:05:01.267-05:00  INFO 5616 --- [http-nio-8080-exec-1] c.m.security.jwt.AuthTokenFilter         : 🔍 Request: POST /api/auth/signin from 0:0:0:0:0:0:0:1
2026-01-14T17:05:01.267-05:00 DEBUG 5616 --- [http-nio-8080-exec-1] c.m.security.jwt.AuthTokenFilter         : No se encontró header Authorization con Bearer token
2026-01-14T17:05:01.267-05:00 DEBUG 5616 --- [http-nio-8080-exec-1] c.m.security.jwt.AuthTokenFilter         : No se encontró token JWT en la solicitud
2026-01-14T17:05:01.267-05:00 DEBUG 5616 --- [http-nio-8080-exec-1] o.s.s.w.a.AnonymousAuthenticationFilter  : Set SecurityContextHolder to anonymous SecurityContext
2026-01-14T17:05:01.269-05:00 DEBUG 5616 --- [http-nio-8080-exec-1] o.s.w.s.handler.SimpleUrlHandlerMapping  : Mapped to ResourceHttpRequestHandler [classpath [META-INF/resources/], classpath [resources/], classpath [static/], classpath [public/], ServletContext [/]]
2026-01-14T17:05:01.269-05:00 DEBUG 5616 --- [http-nio-8080-exec-1] o.s.security.web.FilterChainProxy        : Secured POST /auth/signin
2026-01-14T17:05:01.270-05:00 DEBUG 5616 --- [http-nio-8080-exec-1] com.minimarket.config.DebugFilter        : 🔍 Request: POST /api/auth/signin from 0:0:0:0:0:0:0:1
2026-01-14T17:05:01.270-05:00 DEBUG 5616 --- [http-nio-8080-exec-1] o.s.web.servlet.DispatcherServlet        : POST "/api/auth/signin", parameters={}
2026-01-14T17:05:01.270-05:00 DEBUG 5616 --- [http-nio-8080-exec-1] o.s.w.s.handler.SimpleUrlHandlerMapping  : Mapped to ResourceHttpRequestHandler [classpath [META-INF/resources/], classpath [resources/], classpath [static/], classpath [public/], ServletContext [/]]
2026-01-14T17:05:01.271-05:00 DEBUG 5616 --- [http-nio-8080-exec-1] o.s.w.s.r.ResourceHttpRequestHandler     : Resource not found
2026-01-14T17:05:01.272-05:00 DEBUG 5616 --- [http-nio-8080-exec-1] o.s.web.servlet.DispatcherServlet        : Completed 404 NOT_FOUND
2026-01-14T17:05:01.272-05:00 DEBUG 5616 --- [http-nio-8080-exec-1] o.s.security.web.FilterChainProxy        : Securing POST /error
2026-01-14T17:05:01.272-05:00 DEBUG 5616 --- [http-nio-8080-exec-1] s.w.s.m.m.a.RequestMappingHandlerMapping : Mapped to org.springframework.boot.autoconfigure.web.servlet.error.BasicErrorController#error(HttpServletRequest)
2026-01-14T17:05:01.273-05:00 DEBUG 5616 --- [http-nio-8080-exec-1] o.s.security.web.FilterChainProxy        : Secured POST /error
2026-01-14T17:05:01.273-05:00 DEBUG 5616 --- [http-nio-8080-exec-1] o.s.web.servlet.DispatcherServlet        : "ERROR" dispatch for POST "/api/error", parameters={}
2026-01-14T17:05:01.273-05:00 DEBUG 5616 --- [http-nio-8080-exec-1] s.w.s.m.m.a.RequestMappingHandlerMapping : Mapped to org.springframework.boot.autoconfigure.web.servlet.error.BasicErrorController#error(HttpServletRequest)
2026-01-14T17:05:01.273-05:00 DEBUG 5616 --- [http-nio-8080-exec-1] o.s.w.s.m.m.a.HttpEntityMethodProcessor  : Using 'application/json', given [*/*] and supported [application/json, application/*+json]
2026-01-14T17:05:01.273-05:00 DEBUG 5616 --- [http-nio-8080-exec-1] o.s.w.s.m.m.a.HttpEntityMethodProcessor  : Writing [{timestamp=Wed Jan 14 17:05:01 PET 2026, status=404, error=Not Found, message=No message available,  (truncated)...]
2026-01-14T17:05:01.274-05:00 DEBUG 5616 --- [http-nio-8080-exec-1] o.s.web.servlet.DispatcherServlet        : Exiting from "ERROR" dispatch, status 404
2026-01-14T17:05:01.274-05:00 DEBUG 5616 --- [http-nio-8080-exec-1] o.s.s.w.a.AnonymousAuthenticationFilter  : Set SecurityContextHolder to anonymous SecurityContext
